<?xml version="1.0" encoding="UTF-8"?>
<testsuite xmlns:xsi="http://www.w3.org/2001/XMLSchema-instance" xsi:noNamespaceSchemaLocation="https://maven.apache.org/surefire/maven-surefire-plugin/xsd/surefire-test-report-3.0.xsd" version="3.0" name="LoginTest" time="7.049" tests="1" errors="0" skipped="0" failures="0">
  <properties>
    <property name="gopherProxySet" value="false"/>
    <property name="awt.toolkit" value="sun.lwawt.macosx.LWCToolkit"/>
    <property name="java.specification.version" value="11"/>
    <property name="webdriver.chrome.driver" value="/Users/admin/.cache/selenium/chromedriver/mac64/108.0.5359.71/chromedriver"/>
    <property name="sun.cpu.isalist" value=""/>
    <property name="sun.jnu.encoding" value="UTF-8"/>
    <property name="java.class.path" value="/Users/admin/sources/diplom_3/target/test-classes:/Users/admin/sources/diplom_3/target/classes:/Users/admin/.m2/repository/org/seleniumhq/selenium/selenium-java/3.141.59/selenium-java-3.141.59.jar:/Users/admin/.m2/repository/org/seleniumhq/selenium/selenium-api/3.141.59/selenium-api-3.141.59.jar:/Users/admin/.m2/repository/org/seleniumhq/selenium/selenium-chrome-driver/3.141.59/selenium-chrome-driver-3.141.59.jar:/Users/admin/.m2/repository/org/seleniumhq/selenium/selenium-edge-driver/3.141.59/selenium-edge-driver-3.141.59.jar:/Users/admin/.m2/repository/org/seleniumhq/selenium/selenium-firefox-driver/3.141.59/selenium-firefox-driver-3.141.59.jar:/Users/admin/.m2/repository/org/seleniumhq/selenium/selenium-ie-driver/3.141.59/selenium-ie-driver-3.141.59.jar:/Users/admin/.m2/repository/org/seleniumhq/selenium/selenium-opera-driver/3.141.59/selenium-opera-driver-3.141.59.jar:/Users/admin/.m2/repository/org/seleniumhq/selenium/selenium-remote-driver/3.141.59/selenium-remote-driver-3.141.59.jar:/Users/admin/.m2/repository/org/seleniumhq/selenium/selenium-safari-driver/3.141.59/selenium-safari-driver-3.141.59.jar:/Users/admin/.m2/repository/org/seleniumhq/selenium/selenium-support/3.141.59/selenium-support-3.141.59.jar:/Users/admin/.m2/repository/net/bytebuddy/byte-buddy/1.8.15/byte-buddy-1.8.15.jar:/Users/admin/.m2/repository/org/apache/commons/commons-exec/1.3/commons-exec-1.3.jar:/Users/admin/.m2/repository/com/google/guava/guava/25.0-jre/guava-25.0-jre.jar:/Users/admin/.m2/repository/com/google/code/findbugs/jsr305/1.3.9/jsr305-1.3.9.jar:/Users/admin/.m2/repository/org/checkerframework/checker-compat-qual/2.0.0/checker-compat-qual-2.0.0.jar:/Users/admin/.m2/repository/com/google/errorprone/error_prone_annotations/2.1.3/error_prone_annotations-2.1.3.jar:/Users/admin/.m2/repository/com/google/j2objc/j2objc-annotations/1.1/j2objc-annotations-1.1.jar:/Users/admin/.m2/repository/org/codehaus/mojo/animal-sniffer-annotations/1.14/animal-sniffer-annotations-1.14.jar:/Users/admin/.m2/repository/com/squareup/okhttp3/okhttp/3.11.0/okhttp-3.11.0.jar:/Users/admin/.m2/repository/com/squareup/okio/okio/1.14.0/okio-1.14.0.jar:/Users/admin/.m2/repository/junit/junit/4.13.2/junit-4.13.2.jar:/Users/admin/.m2/repository/org/hamcrest/hamcrest-core/1.3/hamcrest-core-1.3.jar:/Users/admin/.m2/repository/io/github/bonigarcia/webdrivermanager/5.3.1/webdrivermanager-5.3.1.jar:/Users/admin/.m2/repository/org/slf4j/slf4j-api/2.0.3/slf4j-api-2.0.3.jar:/Users/admin/.m2/repository/com/google/code/gson/gson/2.10/gson-2.10.jar:/Users/admin/.m2/repository/com/github/docker-java/docker-java/3.2.13/docker-java-3.2.13.jar:/Users/admin/.m2/repository/com/github/docker-java/docker-java-core/3.2.13/docker-java-core-3.2.13.jar:/Users/admin/.m2/repository/com/github/docker-java/docker-java-api/3.2.13/docker-java-api-3.2.13.jar:/Users/admin/.m2/repository/commons-io/commons-io/2.6/commons-io-2.6.jar:/Users/admin/.m2/repository/org/apache/commons/commons-compress/1.21/commons-compress-1.21.jar:/Users/admin/.m2/repository/org/bouncycastle/bcpkix-jdk15on/1.64/bcpkix-jdk15on-1.64.jar:/Users/admin/.m2/repository/org/bouncycastle/bcprov-jdk15on/1.64/bcprov-jdk15on-1.64.jar:/Users/admin/.m2/repository/com/github/docker-java/docker-java-transport-httpclient5/3.2.13/docker-java-transport-httpclient5-3.2.13.jar:/Users/admin/.m2/repository/com/github/docker-java/docker-java-transport/3.2.13/docker-java-transport-3.2.13.jar:/Users/admin/.m2/repository/net/java/dev/jna/jna/5.8.0/jna-5.8.0.jar:/Users/admin/.m2/repository/org/brotli/dec/0.1.2/dec-0.1.2.jar:/Users/admin/.m2/repository/org/apache/commons/commons-lang3/3.12.0/commons-lang3-3.12.0.jar:/Users/admin/.m2/repository/org/apache/httpcomponents/client5/httpclient5/5.1.3/httpclient5-5.1.3.jar:/Users/admin/.m2/repository/org/apache/httpcomponents/core5/httpcore5/5.1.3/httpcore5-5.1.3.jar:/Users/admin/.m2/repository/org/apache/httpcomponents/core5/httpcore5-h2/5.1.3/httpcore5-h2-5.1.3.jar:/Users/admin/.m2/repository/commons-codec/commons-codec/1.15/commons-codec-1.15.jar:/Users/admin/.m2/repository/com/github/valfirst/browserup-proxy/browserup-proxy-core/2.2.6/browserup-proxy-core-2.2.6.jar:/Users/admin/.m2/repository/io/netty/netty-all/4.1.82.Final/netty-all-4.1.82.Final.jar:/Users/admin/.m2/repository/io/netty/netty-buffer/4.1.82.Final/netty-buffer-4.1.82.Final.jar:/Users/admin/.m2/repository/io/netty/netty-codec/4.1.82.Final/netty-codec-4.1.82.Final.jar:/Users/admin/.m2/repository/io/netty/netty-codec-dns/4.1.82.Final/netty-codec-dns-4.1.82.Final.jar:/Users/admin/.m2/repository/io/netty/netty-codec-haproxy/4.1.82.Final/netty-codec-haproxy-4.1.82.Final.jar:/Users/admin/.m2/repository/io/netty/netty-codec-http/4.1.82.Final/netty-codec-http-4.1.82.Final.jar:/Users/admin/.m2/repository/io/netty/netty-codec-http2/4.1.82.Final/netty-codec-http2-4.1.82.Final.jar:/Users/admin/.m2/repository/io/netty/netty-codec-memcache/4.1.82.Final/netty-codec-memcache-4.1.82.Final.jar:/Users/admin/.m2/repository/io/netty/netty-codec-mqtt/4.1.82.Final/netty-codec-mqtt-4.1.82.Final.jar:/Users/admin/.m2/repository/io/netty/netty-codec-redis/4.1.82.Final/netty-codec-redis-4.1.82.Final.jar:/Users/admin/.m2/repository/io/netty/netty-codec-smtp/4.1.82.Final/netty-codec-smtp-4.1.82.Final.jar:/Users/admin/.m2/repository/io/netty/netty-codec-socks/4.1.82.Final/netty-codec-socks-4.1.82.Final.jar:/Users/admin/.m2/repository/io/netty/netty-codec-stomp/4.1.82.Final/netty-codec-stomp-4.1.82.Final.jar:/Users/admin/.m2/repository/io/netty/netty-codec-xml/4.1.82.Final/netty-codec-xml-4.1.82.Final.jar:/Users/admin/.m2/repository/io/netty/netty-common/4.1.82.Final/netty-common-4.1.82.Final.jar:/Users/admin/.m2/repository/io/netty/netty-handler/4.1.82.Final/netty-handler-4.1.82.Final.jar:/Users/admin/.m2/repository/io/netty/netty-transport-native-unix-common/4.1.82.Final/netty-transport-native-unix-common-4.1.82.Final.jar:/Users/admin/.m2/repository/io/netty/netty-handler-proxy/4.1.82.Final/netty-handler-proxy-4.1.82.Final.jar:/Users/admin/.m2/repository/io/netty/netty-resolver/4.1.82.Final/netty-resolver-4.1.82.Final.jar:/Users/admin/.m2/repository/io/netty/netty-resolver-dns/4.1.82.Final/netty-resolver-dns-4.1.82.Final.jar:/Users/admin/.m2/repository/io/netty/netty-transport/4.1.82.Final/netty-transport-4.1.82.Final.jar:/Users/admin/.m2/repository/io/netty/netty-transport-rxtx/4.1.82.Final/netty-transport-rxtx-4.1.82.Final.jar:/Users/admin/.m2/repository/io/netty/netty-transport-sctp/4.1.82.Final/netty-transport-sctp-4.1.82.Final.jar:/Users/admin/.m2/repository/io/netty/netty-transport-udt/4.1.82.Final/netty-transport-udt-4.1.82.Final.jar:/Users/admin/.m2/repository/io/netty/netty-transport-classes-epoll/4.1.82.Final/netty-transport-classes-epoll-4.1.82.Final.jar:/Users/admin/.m2/repository/io/netty/netty-transport-classes-kqueue/4.1.82.Final/netty-transport-classes-kqueue-4.1.82.Final.jar:/Users/admin/.m2/repository/io/netty/netty-resolver-dns-classes-macos/4.1.82.Final/netty-resolver-dns-classes-macos-4.1.82.Final.jar:/Users/admin/.m2/repository/io/netty/netty-transport-native-epoll/4.1.82.Final/netty-transport-native-epoll-4.1.82.Final-linux-x86_64.jar:/Users/admin/.m2/repository/io/netty/netty-transport-native-epoll/4.1.82.Final/netty-transport-native-epoll-4.1.82.Final-linux-aarch_64.jar:/Users/admin/.m2/repository/io/netty/netty-transport-native-kqueue/4.1.82.Final/netty-transport-native-kqueue-4.1.82.Final-osx-x86_64.jar:/Users/admin/.m2/repository/io/netty/netty-transport-native-kqueue/4.1.82.Final/netty-transport-native-kqueue-4.1.82.Final-osx-aarch_64.jar:/Users/admin/.m2/repository/io/netty/netty-resolver-dns-native-macos/4.1.82.Final/netty-resolver-dns-native-macos-4.1.82.Final-osx-x86_64.jar:/Users/admin/.m2/repository/io/netty/netty-resolver-dns-native-macos/4.1.82.Final/netty-resolver-dns-native-macos-4.1.82.Final-osx-aarch_64.jar:/Users/admin/.m2/repository/xyz/rogfam/littleproxy/2.0.13/littleproxy-2.0.13.jar:/Users/admin/.m2/repository/com/barchart/udt/barchart-udt-bundle/2.3.0/barchart-udt-bundle-2.3.0.jar:/Users/admin/.m2/repository/de/sstoehr/har-reader/2.2.1/har-reader-2.2.1.jar:/Users/admin/.m2/repository/com/github/valfirst/browserup-proxy/browserup-proxy-mitm/2.2.6/browserup-proxy-mitm-2.2.6.jar:/Users/admin/.m2/repository/javax/xml/bind/jaxb-api/2.3.1/jaxb-api-2.3.1.jar:/Users/admin/.m2/repository/javax/activation/javax.activation-api/1.2.0/javax.activation-api-1.2.0.jar:/Users/admin/.m2/repository/org/awaitility/awaitility/4.2.0/awaitility-4.2.0.jar:/Users/admin/.m2/repository/org/hamcrest/hamcrest/2.1/hamcrest-2.1.jar:/Users/admin/.m2/repository/com/fasterxml/jackson/core/jackson-core/2.14.1/jackson-core-2.14.1.jar:/Users/admin/.m2/repository/com/fasterxml/jackson/core/jackson-databind/2.14.1/jackson-databind-2.14.1.jar:/Users/admin/.m2/repository/com/fasterxml/jackson/core/jackson-annotations/2.14.1/jackson-annotations-2.14.1.jar:/Users/admin/.m2/repository/com/jcraft/jzlib/1.1.3/jzlib-1.1.3.jar:/Users/admin/.m2/repository/dnsjava/dnsjava/3.5.2/dnsjava-3.5.2.jar:/Users/admin/.m2/repository/org/bouncycastle/bcpkix-jdk18on/1.72/bcpkix-jdk18on-1.72.jar:/Users/admin/.m2/repository/org/bouncycastle/bcutil-jdk18on/1.72/bcutil-jdk18on-1.72.jar:/Users/admin/.m2/repository/org/bouncycastle/bcprov-jdk18on/1.72/bcprov-jdk18on-1.72.jar:/Users/admin/.m2/repository/org/slf4j/jcl-over-slf4j/2.0.5/jcl-over-slf4j-2.0.5.jar:/Users/admin/.m2/repository/org/zeroturnaround/zt-exec/1.12/zt-exec-1.12.jar:"/>
    <property name="java.vm.vendor" value="Oracle Corporation"/>
    <property name="sun.arch.data.model" value="64"/>
    <property name="java.vendor.url" value="https://openjdk.java.net/"/>
    <property name="user.timezone" value="Europe/Moscow"/>
    <property name="java.vm.specification.version" value="11"/>
    <property name="os.name" value="Mac OS X"/>
    <property name="sun.java.launcher" value="SUN_STANDARD"/>
    <property name="user.country" value="RU"/>
    <property name="sun.boot.library.path" value="/Library/Java/JavaVirtualMachines/jdk-11.0.16.jdk/Contents/Home/lib"/>
    <property name="sun.java.command" value="/Users/admin/sources/diplom_3/target/surefire/surefirebooter-20221214233717508_3.jar /Users/admin/sources/diplom_3/target/surefire 2022-12-14T23-37-17_254-jvmRun1 surefire-20221214233717508_1tmp surefire_0-20221214233717508_2tmp"/>
    <property name="http.nonProxyHosts" value="local|*.local|169.254/16|*.169.254/16"/>
    <property name="jdk.debug" value="release"/>
    <property name="surefire.test.class.path" value="/Users/admin/sources/diplom_3/target/test-classes:/Users/admin/sources/diplom_3/target/classes:/Users/admin/.m2/repository/org/seleniumhq/selenium/selenium-java/3.141.59/selenium-java-3.141.59.jar:/Users/admin/.m2/repository/org/seleniumhq/selenium/selenium-api/3.141.59/selenium-api-3.141.59.jar:/Users/admin/.m2/repository/org/seleniumhq/selenium/selenium-chrome-driver/3.141.59/selenium-chrome-driver-3.141.59.jar:/Users/admin/.m2/repository/org/seleniumhq/selenium/selenium-edge-driver/3.141.59/selenium-edge-driver-3.141.59.jar:/Users/admin/.m2/repository/org/seleniumhq/selenium/selenium-firefox-driver/3.141.59/selenium-firefox-driver-3.141.59.jar:/Users/admin/.m2/repository/org/seleniumhq/selenium/selenium-ie-driver/3.141.59/selenium-ie-driver-3.141.59.jar:/Users/admin/.m2/repository/org/seleniumhq/selenium/selenium-opera-driver/3.141.59/selenium-opera-driver-3.141.59.jar:/Users/admin/.m2/repository/org/seleniumhq/selenium/selenium-remote-driver/3.141.59/selenium-remote-driver-3.141.59.jar:/Users/admin/.m2/repository/org/seleniumhq/selenium/selenium-safari-driver/3.141.59/selenium-safari-driver-3.141.59.jar:/Users/admin/.m2/repository/org/seleniumhq/selenium/selenium-support/3.141.59/selenium-support-3.141.59.jar:/Users/admin/.m2/repository/net/bytebuddy/byte-buddy/1.8.15/byte-buddy-1.8.15.jar:/Users/admin/.m2/repository/org/apache/commons/commons-exec/1.3/commons-exec-1.3.jar:/Users/admin/.m2/repository/com/google/guava/guava/25.0-jre/guava-25.0-jre.jar:/Users/admin/.m2/repository/com/google/code/findbugs/jsr305/1.3.9/jsr305-1.3.9.jar:/Users/admin/.m2/repository/org/checkerframework/checker-compat-qual/2.0.0/checker-compat-qual-2.0.0.jar:/Users/admin/.m2/repository/com/google/errorprone/error_prone_annotations/2.1.3/error_prone_annotations-2.1.3.jar:/Users/admin/.m2/repository/com/google/j2objc/j2objc-annotations/1.1/j2objc-annotations-1.1.jar:/Users/admin/.m2/repository/org/codehaus/mojo/animal-sniffer-annotations/1.14/animal-sniffer-annotations-1.14.jar:/Users/admin/.m2/repository/com/squareup/okhttp3/okhttp/3.11.0/okhttp-3.11.0.jar:/Users/admin/.m2/repository/com/squareup/okio/okio/1.14.0/okio-1.14.0.jar:/Users/admin/.m2/repository/junit/junit/4.13.2/junit-4.13.2.jar:/Users/admin/.m2/repository/org/hamcrest/hamcrest-core/1.3/hamcrest-core-1.3.jar:/Users/admin/.m2/repository/io/github/bonigarcia/webdrivermanager/5.3.1/webdrivermanager-5.3.1.jar:/Users/admin/.m2/repository/org/slf4j/slf4j-api/2.0.3/slf4j-api-2.0.3.jar:/Users/admin/.m2/repository/com/google/code/gson/gson/2.10/gson-2.10.jar:/Users/admin/.m2/repository/com/github/docker-java/docker-java/3.2.13/docker-java-3.2.13.jar:/Users/admin/.m2/repository/com/github/docker-java/docker-java-core/3.2.13/docker-java-core-3.2.13.jar:/Users/admin/.m2/repository/com/github/docker-java/docker-java-api/3.2.13/docker-java-api-3.2.13.jar:/Users/admin/.m2/repository/commons-io/commons-io/2.6/commons-io-2.6.jar:/Users/admin/.m2/repository/org/apache/commons/commons-compress/1.21/commons-compress-1.21.jar:/Users/admin/.m2/repository/org/bouncycastle/bcpkix-jdk15on/1.64/bcpkix-jdk15on-1.64.jar:/Users/admin/.m2/repository/org/bouncycastle/bcprov-jdk15on/1.64/bcprov-jdk15on-1.64.jar:/Users/admin/.m2/repository/com/github/docker-java/docker-java-transport-httpclient5/3.2.13/docker-java-transport-httpclient5-3.2.13.jar:/Users/admin/.m2/repository/com/github/docker-java/docker-java-transport/3.2.13/docker-java-transport-3.2.13.jar:/Users/admin/.m2/repository/net/java/dev/jna/jna/5.8.0/jna-5.8.0.jar:/Users/admin/.m2/repository/org/brotli/dec/0.1.2/dec-0.1.2.jar:/Users/admin/.m2/repository/org/apache/commons/commons-lang3/3.12.0/commons-lang3-3.12.0.jar:/Users/admin/.m2/repository/org/apache/httpcomponents/client5/httpclient5/5.1.3/httpclient5-5.1.3.jar:/Users/admin/.m2/repository/org/apache/httpcomponents/core5/httpcore5/5.1.3/httpcore5-5.1.3.jar:/Users/admin/.m2/repository/org/apache/httpcomponents/core5/httpcore5-h2/5.1.3/httpcore5-h2-5.1.3.jar:/Users/admin/.m2/repository/commons-codec/commons-codec/1.15/commons-codec-1.15.jar:/Users/admin/.m2/repository/com/github/valfirst/browserup-proxy/browserup-proxy-core/2.2.6/browserup-proxy-core-2.2.6.jar:/Users/admin/.m2/repository/io/netty/netty-all/4.1.82.Final/netty-all-4.1.82.Final.jar:/Users/admin/.m2/repository/io/netty/netty-buffer/4.1.82.Final/netty-buffer-4.1.82.Final.jar:/Users/admin/.m2/repository/io/netty/netty-codec/4.1.82.Final/netty-codec-4.1.82.Final.jar:/Users/admin/.m2/repository/io/netty/netty-codec-dns/4.1.82.Final/netty-codec-dns-4.1.82.Final.jar:/Users/admin/.m2/repository/io/netty/netty-codec-haproxy/4.1.82.Final/netty-codec-haproxy-4.1.82.Final.jar:/Users/admin/.m2/repository/io/netty/netty-codec-http/4.1.82.Final/netty-codec-http-4.1.82.Final.jar:/Users/admin/.m2/repository/io/netty/netty-codec-http2/4.1.82.Final/netty-codec-http2-4.1.82.Final.jar:/Users/admin/.m2/repository/io/netty/netty-codec-memcache/4.1.82.Final/netty-codec-memcache-4.1.82.Final.jar:/Users/admin/.m2/repository/io/netty/netty-codec-mqtt/4.1.82.Final/netty-codec-mqtt-4.1.82.Final.jar:/Users/admin/.m2/repository/io/netty/netty-codec-redis/4.1.82.Final/netty-codec-redis-4.1.82.Final.jar:/Users/admin/.m2/repository/io/netty/netty-codec-smtp/4.1.82.Final/netty-codec-smtp-4.1.82.Final.jar:/Users/admin/.m2/repository/io/netty/netty-codec-socks/4.1.82.Final/netty-codec-socks-4.1.82.Final.jar:/Users/admin/.m2/repository/io/netty/netty-codec-stomp/4.1.82.Final/netty-codec-stomp-4.1.82.Final.jar:/Users/admin/.m2/repository/io/netty/netty-codec-xml/4.1.82.Final/netty-codec-xml-4.1.82.Final.jar:/Users/admin/.m2/repository/io/netty/netty-common/4.1.82.Final/netty-common-4.1.82.Final.jar:/Users/admin/.m2/repository/io/netty/netty-handler/4.1.82.Final/netty-handler-4.1.82.Final.jar:/Users/admin/.m2/repository/io/netty/netty-transport-native-unix-common/4.1.82.Final/netty-transport-native-unix-common-4.1.82.Final.jar:/Users/admin/.m2/repository/io/netty/netty-handler-proxy/4.1.82.Final/netty-handler-proxy-4.1.82.Final.jar:/Users/admin/.m2/repository/io/netty/netty-resolver/4.1.82.Final/netty-resolver-4.1.82.Final.jar:/Users/admin/.m2/repository/io/netty/netty-resolver-dns/4.1.82.Final/netty-resolver-dns-4.1.82.Final.jar:/Users/admin/.m2/repository/io/netty/netty-transport/4.1.82.Final/netty-transport-4.1.82.Final.jar:/Users/admin/.m2/repository/io/netty/netty-transport-rxtx/4.1.82.Final/netty-transport-rxtx-4.1.82.Final.jar:/Users/admin/.m2/repository/io/netty/netty-transport-sctp/4.1.82.Final/netty-transport-sctp-4.1.82.Final.jar:/Users/admin/.m2/repository/io/netty/netty-transport-udt/4.1.82.Final/netty-transport-udt-4.1.82.Final.jar:/Users/admin/.m2/repository/io/netty/netty-transport-classes-epoll/4.1.82.Final/netty-transport-classes-epoll-4.1.82.Final.jar:/Users/admin/.m2/repository/io/netty/netty-transport-classes-kqueue/4.1.82.Final/netty-transport-classes-kqueue-4.1.82.Final.jar:/Users/admin/.m2/repository/io/netty/netty-resolver-dns-classes-macos/4.1.82.Final/netty-resolver-dns-classes-macos-4.1.82.Final.jar:/Users/admin/.m2/repository/io/netty/netty-transport-native-epoll/4.1.82.Final/netty-transport-native-epoll-4.1.82.Final-linux-x86_64.jar:/Users/admin/.m2/repository/io/netty/netty-transport-native-epoll/4.1.82.Final/netty-transport-native-epoll-4.1.82.Final-linux-aarch_64.jar:/Users/admin/.m2/repository/io/netty/netty-transport-native-kqueue/4.1.82.Final/netty-transport-native-kqueue-4.1.82.Final-osx-x86_64.jar:/Users/admin/.m2/repository/io/netty/netty-transport-native-kqueue/4.1.82.Final/netty-transport-native-kqueue-4.1.82.Final-osx-aarch_64.jar:/Users/admin/.m2/repository/io/netty/netty-resolver-dns-native-macos/4.1.82.Final/netty-resolver-dns-native-macos-4.1.82.Final-osx-x86_64.jar:/Users/admin/.m2/repository/io/netty/netty-resolver-dns-native-macos/4.1.82.Final/netty-resolver-dns-native-macos-4.1.82.Final-osx-aarch_64.jar:/Users/admin/.m2/repository/xyz/rogfam/littleproxy/2.0.13/littleproxy-2.0.13.jar:/Users/admin/.m2/repository/com/barchart/udt/barchart-udt-bundle/2.3.0/barchart-udt-bundle-2.3.0.jar:/Users/admin/.m2/repository/de/sstoehr/har-reader/2.2.1/har-reader-2.2.1.jar:/Users/admin/.m2/repository/com/github/valfirst/browserup-proxy/browserup-proxy-mitm/2.2.6/browserup-proxy-mitm-2.2.6.jar:/Users/admin/.m2/repository/javax/xml/bind/jaxb-api/2.3.1/jaxb-api-2.3.1.jar:/Users/admin/.m2/repository/javax/activation/javax.activation-api/1.2.0/javax.activation-api-1.2.0.jar:/Users/admin/.m2/repository/org/awaitility/awaitility/4.2.0/awaitility-4.2.0.jar:/Users/admin/.m2/repository/org/hamcrest/hamcrest/2.1/hamcrest-2.1.jar:/Users/admin/.m2/repository/com/fasterxml/jackson/core/jackson-core/2.14.1/jackson-core-2.14.1.jar:/Users/admin/.m2/repository/com/fasterxml/jackson/core/jackson-databind/2.14.1/jackson-databind-2.14.1.jar:/Users/admin/.m2/repository/com/fasterxml/jackson/core/jackson-annotations/2.14.1/jackson-annotations-2.14.1.jar:/Users/admin/.m2/repository/com/jcraft/jzlib/1.1.3/jzlib-1.1.3.jar:/Users/admin/.m2/repository/dnsjava/dnsjava/3.5.2/dnsjava-3.5.2.jar:/Users/admin/.m2/repository/org/bouncycastle/bcpkix-jdk18on/1.72/bcpkix-jdk18on-1.72.jar:/Users/admin/.m2/repository/org/bouncycastle/bcutil-jdk18on/1.72/bcutil-jdk18on-1.72.jar:/Users/admin/.m2/repository/org/bouncycastle/bcprov-jdk18on/1.72/bcprov-jdk18on-1.72.jar:/Users/admin/.m2/repository/org/slf4j/jcl-over-slf4j/2.0.5/jcl-over-slf4j-2.0.5.jar:/Users/admin/.m2/repository/org/zeroturnaround/zt-exec/1.12/zt-exec-1.12.jar:"/>
    <property name="sun.cpu.endian" value="little"/>
    <property name="allure.results.directory" value="/Users/admin/sources/diplom_3/target/allure-results"/>
    <property name="user.home" value="/Users/admin"/>
    <property name="user.language" value="ru"/>
    <property name="java.specification.vendor" value="Oracle Corporation"/>
    <property name="java.version.date" value="2022-07-19"/>
    <property name="java.home" value="/Library/Java/JavaVirtualMachines/jdk-11.0.16.jdk/Contents/Home"/>
    <property name="file.separator" value="/"/>
    <property name="basedir" value="/Users/admin/sources/diplom_3"/>
    <property name="java.vm.compressedOopsMode" value="Zero based"/>
    <property name="line.separator" value="&#10;"/>
    <property name="java.specification.name" value="Java Platform API Specification"/>
    <property name="java.vm.specification.vendor" value="Oracle Corporation"/>
    <property name="java.awt.graphicsenv" value="sun.awt.CGraphicsEnvironment"/>
    <property name="surefire.real.class.path" value="/Users/admin/sources/diplom_3/target/surefire/surefirebooter-20221214233717508_3.jar"/>
    <property name="sun.management.compiler" value="HotSpot 64-Bit Tiered Compilers"/>
    <property name="ftp.nonProxyHosts" value="local|*.local|169.254/16|*.169.254/16"/>
    <property name="java.runtime.version" value="11.0.16+11-LTS-199"/>
    <property name="user.name" value="admin"/>
    <property name="path.separator" value=":"/>
    <property name="os.version" value="13.0.1"/>
    <property name="java.runtime.name" value="Java(TM) SE Runtime Environment"/>
    <property name="file.encoding" value="UTF-8"/>
    <property name="java.vm.name" value="Java HotSpot(TM) 64-Bit Server VM"/>
    <property name="java.vendor.version" value="18.9"/>
    <property name="localRepository" value="/Users/admin/.m2/repository"/>
    <property name="java.vendor.url.bug" value="https://bugreport.java.com/bugreport/"/>
    <property name="java.io.tmpdir" value="/var/folders/xf/8sz0qsg558s5ys5qx81vymzh0000gn/T/"/>
    <property name="idea.version" value="2022.2.1"/>
    <property name="java.version" value="11.0.16"/>
    <property name="user.dir" value="/Users/admin/sources/diplom_3"/>
    <property name="os.arch" value="x86_64"/>
    <property name="java.vm.specification.name" value="Java Virtual Machine Specification"/>
    <property name="java.awt.printerjob" value="sun.lwawt.macosx.CPrinterJob"/>
    <property name="sun.os.patch.level" value="unknown"/>
    <property name="java.library.path" value="/Users/admin/Library/Java/Extensions:/Library/Java/Extensions:/Network/Library/Java/Extensions:/System/Library/Java/Extensions:/usr/lib/java:."/>
    <property name="java.vendor" value="Oracle Corporation"/>
    <property name="java.vm.info" value="mixed mode"/>
    <property name="java.vm.version" value="11.0.16+11-LTS-199"/>
    <property name="sun.io.unicode.encoding" value="UnicodeBig"/>
    <property name="java.class.version" value="55.0"/>
    <property name="socksNonProxyHosts" value="local|*.local|169.254/16|*.169.254/16"/>
  </properties>
  <testcase name="canLogin" classname="LoginTest" time="7.038">
    <system-err><![CDATA[Starting ChromeDriver 108.0.5359.71 (1e0e3868ee06e91ad636a874420e3ca3ae3756ac-refs/branch-heads/5359@{#1016}) on port 11989
Only local connections are allowed.
Please see https://chromedriver.chromium.org/security-considerations for suggestions on keeping ChromeDriver safe.
ChromeDriver was started successfully.
дек. 14, 2022 11:39:24 PM org.openqa.selenium.remote.ProtocolHandshake createSession
INFO: Detected dialect: W3C
]]></system-err>
  </testcase>
</testsuite>